<?xml version="1.0" encoding="UTF-8"?>
<testng-results ignored="0" total="1" passed="1" failed="0" skipped="0">
  <reporter-output>
  </reporter-output>
  <suite started-at="2023-04-08T11:16:27 IST" name="Default suite" finished-at="2023-04-08T11:16:42 IST" duration-ms="14907">
    <groups>
    </groups>
    <test started-at="2023-04-08T11:16:27 IST" name="Default test" finished-at="2023-04-08T11:16:42 IST" duration-ms="14907">
      <class name="mavenproject.Siteloding">
        <test-method is-config="true" signature="setUp()[pri:0, instance:mavenproject.Siteloding@229c6181]" started-at="2023-04-08T11:16:27 IST" name="setUp" finished-at="2023-04-08T11:16:35 IST" duration-ms="7589" status="PASS">
          <reporter-output>
          </reporter-output>
        </test-method> <!-- setUp -->
        <test-method is-config="true" signature="urlloading()[pri:0, instance:mavenproject.Siteloding@229c6181]" started-at="2023-04-08T11:16:35 IST" name="urlloading" finished-at="2023-04-08T11:16:41 IST" duration-ms="6562" status="PASS">
          <reporter-output>
          </reporter-output>
        </test-method> <!-- urlloading -->
        <test-method signature="test1()[pri:0, instance:mavenproject.Siteloding@229c6181]" started-at="2023-04-08T11:16:41 IST" name="test1" finished-at="2023-04-08T11:16:42 IST" duration-ms="646" status="PASS">
          <reporter-output>
          </reporter-output>
        </test-method> <!-- test1 -->
        <test-method is-config="true" signature="aftrmethd()[pri:0, instance:mavenproject.Siteloding@229c6181]" started-at="2023-04-08T11:16:42 IST" name="aftrmethd" finished-at="2023-04-08T11:16:42 IST" duration-ms="1" status="PASS">
          <reporter-output>
          </reporter-output>
        </test-method> <!-- aftrmethd -->
        <test-method is-config="true" signature="quit()[pri:0, instance:mavenproject.Siteloding@229c6181]" started-at="2023-04-08T11:16:42 IST" name="quit" finished-at="2023-04-08T11:16:42 IST" duration-ms="5" status="PASS">
          <reporter-output>
          </reporter-output>
        </test-method> <!-- quit -->
      </class> <!-- mavenproject.Siteloding -->
    </test> <!-- Default test -->
  </suite> <!-- Default suite -->
</testng-results>
